2018-02-27 19:05:38,280 [Thread-3] INFO  marytts.main Mary starting up...
2018-02-27 19:05:38,300 [Thread-3] INFO  marytts.main Specification version 5.2
2018-02-27 19:05:38,300 [Thread-3] INFO  marytts.main Implementation version unknown
2018-02-27 19:05:38,300 [Thread-3] INFO  marytts.main Running on a Java 9.0.4 implementation by Oracle Corporation, on a Windows 10 platform (amd64, 10.0)
2018-02-27 19:05:38,481 [Thread-3] INFO  marytts.ModuleRegistry Now initiating mary module 'marytts.modules.Synthesis'
2018-02-27 19:05:38,496 [Thread-3] INFO  marytts.ModuleRegistry Now initiating mary module 'marytts.modules.TextToMaryXML'
2018-02-27 19:05:38,497 [Thread-3] INFO  marytts.ModuleRegistry Now initiating mary module 'marytts.modules.SableParser'
2018-02-27 19:05:38,498 [Thread-3] INFO  marytts.ModuleRegistry Now initiating mary module 'marytts.modules.SSMLParser'
2018-02-27 19:05:38,498 [Thread-3] INFO  marytts.ModuleRegistry Now initiating mary module 'marytts.modules.APMLParser'
2018-02-27 19:05:38,498 [Thread-3] INFO  marytts.ModuleRegistry Now initiating mary module 'marytts.modules.EmotionmlParser'
2018-02-27 19:05:38,499 [Thread-3] INFO  marytts.ModuleRegistry Now initiating mary module 'marytts.modules.JTokeniser'
2018-02-27 19:05:38,500 [Thread-3] INFO  marytts.ModuleRegistry Now initiating mary module 'marytts.modules.DummyTokens2Words'
2018-02-27 19:05:38,500 [Thread-3] INFO  marytts.ModuleRegistry Now initiating mary module 'marytts.modules.ProsodyGeneric'
2018-02-27 19:05:38,502 [Thread-3] INFO  marytts.ModuleRegistry Now initiating mary module 'marytts.modules.PronunciationModel'
2018-02-27 19:05:38,504 [Thread-3] INFO  marytts.ModuleRegistry Now initiating mary module 'marytts.modules.TargetFeatureLister'
2018-02-27 19:05:38,505 [Thread-3] INFO  marytts.ModuleRegistry Now initiating mary module 'marytts.modules.HalfPhoneTargetFeatureLister'
2018-02-27 19:05:38,506 [Thread-3] INFO  marytts.ModuleRegistry Now initiating mary module 'marytts.modules.AcousticModeller'
2018-02-27 19:05:38,507 [Thread-3] INFO  marytts.ModuleRegistry Now initiating mary module 'marytts.modules.RealisedAcoustparamsExtractor'
2018-02-27 19:05:38,507 [Thread-3] INFO  marytts.ModuleRegistry Now initiating mary module 'marytts.modules.RealisedDurationsExtractor'
2018-02-27 19:05:38,508 [Thread-3] INFO  marytts.ModuleRegistry Now initiating mary module 'marytts.modules.HTSEngine'
2018-02-27 19:05:38,510 [Thread-3] INFO  marytts.ModuleRegistry Now initiating mary module 'marytts.modules.PraatTextGridGenerator'
2018-02-27 19:05:38,512 [Thread-3] INFO  marytts.ModuleRegistry Now initiating mary module 'marytts.language.en.JTokeniser'
2018-02-27 19:05:38,513 [Thread-3] INFO  marytts.ModuleRegistry Now initiating mary module 'marytts.language.en.Preprocess'
2018-02-27 19:05:38,771 [Thread-3] INFO  marytts.ModuleRegistry Now initiating mary module 'marytts.modules.JPhonemiser(en_US.)'
2018-02-27 19:05:38,773 [Thread-3] INFO  marytts.JPhonemiser User dictionary '.\user-dictionaries\userdict-en_US.txt' for locale 'en_US' does not exist. Ignoring.
2018-02-27 19:05:38,820 [Thread-3] INFO  marytts.ModuleRegistry Now initiating mary module 'marytts.modules.JPhonemiser(en_GB.)'
2018-02-27 19:05:38,820 [Thread-3] INFO  marytts.JPhonemiser User dictionary '.\user-dictionaries\userdict-en_GB.txt' for locale 'en_GB' does not exist. Ignoring.
2018-02-27 19:05:38,857 [Thread-3] INFO  marytts.ModuleRegistry Now initiating mary module 'marytts.language.en.Prosody'
2018-02-27 19:05:38,858 [Thread-3] INFO  marytts.ModuleRegistry Now initiating mary module 'marytts.modules.SimplePhoneme2AP(en_US)'
2018-02-27 19:05:38,858 [Thread-3] INFO  marytts.ModuleRegistry Now initiating mary module 'marytts.language.en.PronunciationModel'
2018-02-27 19:05:38,859 [Thread-3] INFO  marytts.ModuleRegistry Now initiating mary module 'marytts.modules.OpenNLPPosTagger(en,en.pos)'
2018-02-27 19:05:38,862 [Thread-3] INFO  marytts.UnitSelectionSynthesizer started.
2018-02-27 19:05:38,863 [Thread-3] INFO  marytts.TargetFeatureLister Module started (ACOUSTPARAMS->TARGETFEATURES, locale null).
2018-02-27 19:05:38,863 [Thread-3] INFO  marytts.HTSEngine Module started (TARGETFEATURES->AUDIO, locale null).
2018-02-27 19:05:38,916 [Thread-3] INFO  marytts.HMMData Loading Tree Set in CARTs:
2018-02-27 19:05:38,967 [Thread-3] INFO  marytts.HMMData Loading GV Model Set:
2018-02-27 19:05:39,098 [Thread-3] INFO  marytts.Voice Registering voice `cmu-rms-hsmm': male, locale en_US
2018-02-27 19:05:39,098 [Thread-3] INFO  marytts.Voice New default voice for locale en_US: cmu-rms-hsmm (desire 0)
2018-02-27 19:05:39,102 [Thread-3] INFO  marytts.HMMData Loading Tree Set in CARTs:
2018-02-27 19:05:39,128 [Thread-3] INFO  marytts.HMMData Loading GV Model Set:
2018-02-27 19:05:39,205 [Thread-3] INFO  marytts.Voice Registering voice `cmu-slt-hsmm': female, locale en_US
2018-02-27 19:05:39,207 [Thread-3] INFO  marytts.HMMData Loading Tree Set in CARTs:
2018-02-27 19:05:39,227 [Thread-3] INFO  marytts.HMMData Loading GV Model Set:
2018-02-27 19:05:39,294 [Thread-3] INFO  marytts.Voice Registering voice `dfki-poppy-hsmm': female, locale en_GB
2018-02-27 19:05:39,294 [Thread-3] INFO  marytts.Voice New default voice for locale en_GB: dfki-poppy-hsmm (desire 0)
2018-02-27 19:05:39,294 [Thread-3] INFO  marytts.HMMSynthesizer started.
2018-02-27 19:05:39,294 [Thread-3] INFO  marytts.Synthesis Module started (ACOUSTPARAMS->AUDIO, locale null).
2018-02-27 19:05:39,294 [Thread-3] INFO  marytts.HMMSynthesizer Starting power-on self test.
2018-02-27 19:05:39,296 [Thread-3] INFO  marytts.HMMSynthesizer Power-on self test complete.
2018-02-27 19:05:39,297 [Thread-3] INFO  marytts.TextToMaryXML Module started (TEXT->RAWMARYXML, locale null).
2018-02-27 19:05:39,297 [Thread-3] INFO  marytts.TextToMaryXML Starting power-on self test.
2018-02-27 19:05:39,319 [Thread-3] WARN  marytts.TextToMaryXML Locale is null, overriding with en_US
2018-02-27 19:05:39,319 [Thread-3] WARN  marytts.TextToMaryXML Locale is null, overriding with en_US
2018-02-27 19:05:39,319 [Thread-3] INFO  marytts.TextToMaryXML Power-on self test complete.
2018-02-27 19:05:39,838 [Thread-3] INFO  marytts.SableParser Module started (SABLE->RAWMARYXML, locale null).
2018-02-27 19:05:39,838 [Thread-3] INFO  marytts.SableParser Starting power-on self test.
2018-02-27 19:05:39,838 [Thread-3] INFO  marytts.SableParser Power-on self test complete.
2018-02-27 19:05:39,932 [Thread-3] INFO  marytts.SSMLParser Module started (SSML->RAWMARYXML, locale null).
2018-02-27 19:05:39,932 [Thread-3] INFO  marytts.SSMLParser Starting power-on self test.
2018-02-27 19:05:39,933 [Thread-3] INFO  marytts.SSMLParser Power-on self test complete.
2018-02-27 19:05:39,986 [Thread-3] INFO  marytts.APMLParser Module started (APML->RAWMARYXML, locale null).
2018-02-27 19:05:39,986 [Thread-3] INFO  marytts.APMLParser Starting power-on self test.
2018-02-27 19:05:39,986 [Thread-3] INFO  marytts.APMLParser Power-on self test complete.
2018-02-27 19:05:40,024 [Thread-3] INFO  marytts.EmotionmlParser Module started (EMOTIONML->RAWMARYXML, locale null).
2018-02-27 19:05:40,024 [Thread-3] INFO  marytts.EmotionmlParser Starting power-on self test.
2018-02-27 19:05:40,025 [Thread-3] INFO  marytts.EmotionmlParser Power-on self test complete.
2018-02-27 19:05:40,025 [Thread-3] INFO  marytts.JTokeniser Module started (RAWMARYXML->TOKENS, locale null).
2018-02-27 19:05:40,064 [Thread-3] INFO  marytts.JTokeniser Starting power-on self test.
2018-02-27 19:05:40,064 [Thread-3] INFO  marytts.JTokeniser Power-on self test complete.
2018-02-27 19:05:40,064 [Thread-3] INFO  marytts.DummyTokens2Words Module started (TOKENS->WORDS, locale null).
2018-02-27 19:05:40,064 [Thread-3] INFO  marytts.DummyTokens2Words Starting power-on self test.
2018-02-27 19:05:40,064 [Thread-3] INFO  marytts.DummyTokens2Words Power-on self test complete.
2018-02-27 19:05:40,077 [Thread-3] INFO  marytts.Prosody Module started (PHONEMES->INTONATION, locale null).
2018-02-27 19:05:40,077 [Thread-3] INFO  marytts.Prosody Starting power-on self test.
2018-02-27 19:05:40,077 [Thread-3] INFO  marytts.Prosody Power-on self test complete.
2018-02-27 19:05:40,077 [Thread-3] INFO  marytts.PronunciationModel Module started (INTONATION->ALLOPHONES, locale null).
2018-02-27 19:05:40,077 [Thread-3] INFO  marytts.PronunciationModel Starting power-on self test.
2018-02-27 19:05:40,077 [Thread-3] INFO  marytts.PronunciationModel Power-on self test complete.
2018-02-27 19:05:40,077 [Thread-3] INFO  marytts.TargetFeatureLister Starting power-on self test.
2018-02-27 19:05:40,077 [Thread-3] INFO  marytts.TargetFeatureLister Power-on self test complete.
2018-02-27 19:05:40,078 [Thread-3] INFO  marytts.TargetFeatureLister Module started (ACOUSTPARAMS->HALFPHONE_TARGETFEATURES, locale null).
2018-02-27 19:05:40,078 [Thread-3] INFO  marytts.TargetFeatureLister Starting power-on self test.
2018-02-27 19:05:40,078 [Thread-3] INFO  marytts.TargetFeatureLister Power-on self test complete.
2018-02-27 19:05:40,078 [Thread-3] INFO  marytts.AcousticModeller Module started (ALLOPHONES->ACOUSTPARAMS, locale null).
2018-02-27 19:05:40,078 [Thread-3] INFO  marytts.AcousticModeller Starting power-on self test.
2018-02-27 19:05:40,078 [Thread-3] INFO  marytts.AcousticModeller Power-on self test complete.
2018-02-27 19:05:40,078 [Thread-3] INFO  marytts.Realised acoustparams extractor Module started (AUDIO->REALISED_ACOUSTPARAMS, locale null).
2018-02-27 19:05:40,078 [Thread-3] INFO  marytts.Realised acoustparams extractor Starting power-on self test.
2018-02-27 19:05:40,078 [Thread-3] INFO  marytts.Realised acoustparams extractor Power-on self test complete.
2018-02-27 19:05:40,078 [Thread-3] INFO  marytts.Realised durations extractor Module started (AUDIO->REALISED_DURATIONS, locale null).
2018-02-27 19:05:40,078 [Thread-3] INFO  marytts.Realised durations extractor Starting power-on self test.
2018-02-27 19:05:40,078 [Thread-3] INFO  marytts.Realised durations extractor Power-on self test complete.
2018-02-27 19:05:40,078 [Thread-3] INFO  marytts.Praat TextGrid generator Module started (REALISED_ACOUSTPARAMS->PRAAT_TEXTGRID, locale null).
2018-02-27 19:05:40,078 [Thread-3] INFO  marytts.Praat TextGrid generator Starting power-on self test.
2018-02-27 19:05:40,078 [Thread-3] INFO  marytts.Praat TextGrid generator Power-on self test complete.
2018-02-27 19:05:40,078 [Thread-3] INFO  marytts.JTokeniser Module started (RAWMARYXML->TOKENS, locale en).
2018-02-27 19:05:40,090 [Thread-3] INFO  marytts.JTokeniser Starting power-on self test.
2018-02-27 19:05:40,090 [Thread-3] INFO  marytts.JTokeniser Power-on self test complete.
2018-02-27 19:05:40,090 [Thread-3] INFO  marytts.Preprocess Module started (TOKENS->WORDS, locale en).
2018-02-27 19:05:40,091 [Thread-3] INFO  marytts.Preprocess Starting power-on self test.
2018-02-27 19:05:40,091 [Thread-3] INFO  marytts.Preprocess Power-on self test complete.
2018-02-27 19:05:40,091 [Thread-3] INFO  marytts.JPhonemiser Module started (PARTSOFSPEECH->PHONEMES, locale en_US).
2018-02-27 19:05:40,093 [Thread-3] INFO  marytts.JPhonemiser Starting power-on self test.
2018-02-27 19:05:40,093 [Thread-3] INFO  marytts.JPhonemiser Power-on self test complete.
2018-02-27 19:05:40,093 [Thread-3] INFO  marytts.JPhonemiser Module started (PARTSOFSPEECH->PHONEMES, locale en_GB).
2018-02-27 19:05:40,093 [Thread-3] INFO  marytts.JPhonemiser Starting power-on self test.
2018-02-27 19:05:40,094 [Thread-3] INFO  marytts.JPhonemiser Power-on self test complete.
2018-02-27 19:05:40,098 [Thread-3] INFO  marytts.Prosody Module started (PHONEMES->INTONATION, locale en).
2018-02-27 19:05:40,098 [Thread-3] INFO  marytts.Prosody Starting power-on self test.
2018-02-27 19:05:40,099 [Thread-3] INFO  marytts.Prosody Power-on self test complete.
2018-02-27 19:05:40,100 [Thread-3] INFO  marytts.SimplePhoneme2AP Module started (SIMPLEPHONEMES->ACOUSTPARAMS, locale en_US).
2018-02-27 19:05:40,100 [Thread-3] INFO  marytts.SimplePhoneme2AP Starting power-on self test.
2018-02-27 19:05:40,103 [Thread-3] INFO  marytts.SimplePhoneme2AP Power-on self test complete.
2018-02-27 19:05:40,103 [Thread-3] INFO  marytts.PronunciationModel Module started (INTONATION->ALLOPHONES, locale en).
2018-02-27 19:05:40,103 [Thread-3] INFO  marytts.PronunciationModel Starting power-on self test.
2018-02-27 19:05:40,103 [Thread-3] INFO  marytts.PronunciationModel Power-on self test complete.
2018-02-27 19:05:40,103 [Thread-3] INFO  marytts.OpenNLPPosTagger Module started (WORDS->PARTSOFSPEECH, locale en).
2018-02-27 19:05:40,670 [Thread-3] INFO  marytts.OpenNLPPosTagger Starting power-on self test.
2018-02-27 19:05:40,670 [Thread-3] INFO  marytts.OpenNLPPosTagger Power-on self test complete.
2018-02-27 19:05:40,671 [Thread-3] INFO  marytts.main Startup complete.
2018-02-27 19:06:17,116 [JavaFX Application Thread] INFO  marytts.R 1 New request (input type "TEXT", output type "AUDIO", voice "dfki-poppy-hsmm", audio "WAVE")
2018-02-27 19:06:17,116 [JavaFX Application Thread] INFO  marytts.R 1 Handling request using the following modules:
2018-02-27 19:06:17,117 [JavaFX Application Thread] INFO  marytts.R 1 - TextToMaryXML (marytts.modules.TextToMaryXML)
2018-02-27 19:06:17,117 [JavaFX Application Thread] INFO  marytts.R 1 Next module: TextToMaryXML
2018-02-27 19:06:17,227 [JavaFX Application Thread] INFO  marytts.R 1 Handling request using the following modules:
2018-02-27 19:06:17,227 [JavaFX Application Thread] INFO  marytts.R 1 - JTokeniser (marytts.language.en.JTokeniser)
2018-02-27 19:06:17,227 [JavaFX Application Thread] INFO  marytts.R 1 - Preprocess (marytts.language.en.Preprocess)
2018-02-27 19:06:17,227 [JavaFX Application Thread] INFO  marytts.R 1 - OpenNLPPosTagger (marytts.modules.OpenNLPPosTagger)
2018-02-27 19:06:17,227 [JavaFX Application Thread] INFO  marytts.R 1 - JPhonemiser (marytts.modules.JPhonemiser)
2018-02-27 19:06:17,227 [JavaFX Application Thread] INFO  marytts.R 1 - Prosody (marytts.language.en.Prosody)
2018-02-27 19:06:17,228 [JavaFX Application Thread] INFO  marytts.R 1 - PronunciationModel (marytts.language.en.PronunciationModel)
2018-02-27 19:06:17,228 [JavaFX Application Thread] INFO  marytts.R 1 - AcousticModeller (marytts.modules.AcousticModeller)
2018-02-27 19:06:17,228 [JavaFX Application Thread] INFO  marytts.R 1 - Synthesis (marytts.modules.Synthesis)
2018-02-27 19:06:17,228 [JavaFX Application Thread] INFO  marytts.R 1 Next module: JTokeniser
2018-02-27 19:06:17,233 [JavaFX Application Thread] INFO  marytts.R 1 Next module: Preprocess
2018-02-27 19:06:17,260 [JavaFX Application Thread] INFO  marytts.R 1 Next module: OpenNLPPosTagger
2018-02-27 19:06:17,269 [JavaFX Application Thread] INFO  marytts.R 1 Next module: JPhonemiser
2018-02-27 19:06:17,280 [JavaFX Application Thread] ERROR marytts.JPhonemiser Problem with token <£> []: Cannot syllabify empty phone string
2018-02-27 19:06:17,282 [JavaFX Application Thread] INFO  marytts.R 1 Next module: Prosody
2018-02-27 19:06:17,287 [JavaFX Application Thread] INFO  marytts.R 1 Next module: PronunciationModel
2018-02-27 19:06:17,290 [JavaFX Application Thread] INFO  marytts.R 1 Next module: AcousticModeller
2018-02-27 19:06:17,326 [JavaFX Application Thread] INFO  marytts.ParameterGeneration Parameter generation for LF0: 
2018-02-27 19:06:17,326 [JavaFX Application Thread] INFO  marytts.PStream Global variance optimization
2018-02-27 19:06:17,329 [JavaFX Application Thread] INFO  marytts.PStream    optimization stopped by reaching max number of iterations (no global variance applied)
2018-02-27 19:06:17,329 [JavaFX Application Thread] INFO  marytts.PStream Gradient GV optimization for feature: (0)  number of iterations=1
2018-02-27 19:06:17,343 [JavaFX Application Thread] INFO  marytts.R 1 Next module: Synthesis
2018-02-27 19:06:17,357 [JavaFX Application Thread] INFO  marytts.HMMSynthesizer Synthesizing one sentence.
2018-02-27 19:06:17,358 [JavaFX Application Thread] INFO  marytts.HTSEngine Using prosody from acoustparams.
2018-02-27 19:06:17,360 [JavaFX Application Thread] INFO  marytts.HTSEngine Number of models in sentence numModel=48  Total number of states numState=240
2018-02-27 19:06:17,360 [JavaFX Application Thread] INFO  marytts.HTSEngine Total number of frames=986  Number of voiced frames=413
2018-02-27 19:06:17,365 [JavaFX Application Thread] INFO  marytts.ParameterGeneration Parameter generation for MGC: 
2018-02-27 19:06:17,365 [JavaFX Application Thread] INFO  marytts.PStream Global variance optimization
2018-02-27 19:06:17,370 [JavaFX Application Thread] INFO  marytts.PStream Gradient GV optimization for feature: (0)  number of iterations=2
2018-02-27 19:06:17,381 [JavaFX Application Thread] INFO  marytts.PStream    optimization stopped by reaching max number of iterations (no global variance applied)
2018-02-27 19:06:17,381 [JavaFX Application Thread] INFO  marytts.PStream Gradient GV optimization for feature: (1)  number of iterations=21
2018-02-27 19:06:17,386 [JavaFX Application Thread] INFO  marytts.PStream    optimization stopped by reaching max number of iterations (no global variance applied)
2018-02-27 19:06:17,386 [JavaFX Application Thread] INFO  marytts.PStream Gradient GV optimization for feature: (2)  number of iterations=21
2018-02-27 19:06:17,389 [JavaFX Application Thread] INFO  marytts.PStream    optimization stopped by reaching max number of iterations (no global variance applied)
2018-02-27 19:06:17,389 [JavaFX Application Thread] INFO  marytts.PStream Gradient GV optimization for feature: (3)  number of iterations=21
2018-02-27 19:06:17,393 [JavaFX Application Thread] INFO  marytts.PStream    optimization stopped by reaching max number of iterations (no global variance applied)
2018-02-27 19:06:17,394 [JavaFX Application Thread] INFO  marytts.PStream Gradient GV optimization for feature: (4)  number of iterations=21
2018-02-27 19:06:17,397 [JavaFX Application Thread] INFO  marytts.PStream Gradient GV optimization for feature: (5)  number of iterations=17
2018-02-27 19:06:17,401 [JavaFX Application Thread] INFO  marytts.PStream Gradient GV optimization for feature: (6)  number of iterations=15
2018-02-27 19:06:17,405 [JavaFX Application Thread] INFO  marytts.PStream Gradient GV optimization for feature: (7)  number of iterations=17
2018-02-27 19:06:17,408 [JavaFX Application Thread] INFO  marytts.PStream Gradient GV optimization for feature: (8)  number of iterations=13
2018-02-27 19:06:17,411 [JavaFX Application Thread] INFO  marytts.PStream Gradient GV optimization for feature: (9)  number of iterations=16
2018-02-27 19:06:17,413 [JavaFX Application Thread] INFO  marytts.PStream    optimization stopped by reaching max number of iterations (no global variance applied)
2018-02-27 19:06:17,413 [JavaFX Application Thread] INFO  marytts.PStream Gradient GV optimization for feature: (10)  number of iterations=21
2018-02-27 19:06:17,415 [JavaFX Application Thread] INFO  marytts.PStream Gradient GV optimization for feature: (11)  number of iterations=15
2018-02-27 19:06:17,417 [JavaFX Application Thread] INFO  marytts.PStream Gradient GV optimization for feature: (12)  number of iterations=14
2018-02-27 19:06:17,419 [JavaFX Application Thread] INFO  marytts.PStream Gradient GV optimization for feature: (13)  number of iterations=16
2018-02-27 19:06:17,420 [JavaFX Application Thread] INFO  marytts.PStream    optimization stopped by reaching max number of iterations (no global variance applied)
2018-02-27 19:06:17,421 [JavaFX Application Thread] INFO  marytts.PStream Gradient GV optimization for feature: (14)  number of iterations=21
2018-02-27 19:06:17,422 [JavaFX Application Thread] INFO  marytts.PStream    optimization stopped by reaching max number of iterations (no global variance applied)
2018-02-27 19:06:17,422 [JavaFX Application Thread] INFO  marytts.PStream Gradient GV optimization for feature: (15)  number of iterations=21
2018-02-27 19:06:17,424 [JavaFX Application Thread] INFO  marytts.PStream    optimization stopped by reaching max number of iterations (no global variance applied)
2018-02-27 19:06:17,424 [JavaFX Application Thread] INFO  marytts.PStream Gradient GV optimization for feature: (16)  number of iterations=21
2018-02-27 19:06:17,426 [JavaFX Application Thread] INFO  marytts.PStream    optimization stopped by reaching max number of iterations (no global variance applied)
2018-02-27 19:06:17,426 [JavaFX Application Thread] INFO  marytts.PStream Gradient GV optimization for feature: (17)  number of iterations=21
2018-02-27 19:06:17,428 [JavaFX Application Thread] INFO  marytts.PStream    optimization stopped by reaching max number of iterations (no global variance applied)
2018-02-27 19:06:17,428 [JavaFX Application Thread] INFO  marytts.PStream Gradient GV optimization for feature: (18)  number of iterations=21
2018-02-27 19:06:17,430 [JavaFX Application Thread] INFO  marytts.PStream    optimization stopped by reaching max number of iterations (no global variance applied)
2018-02-27 19:06:17,430 [JavaFX Application Thread] INFO  marytts.PStream Gradient GV optimization for feature: (19)  number of iterations=21
2018-02-27 19:06:17,432 [JavaFX Application Thread] INFO  marytts.PStream    optimization stopped by reaching max number of iterations (no global variance applied)
2018-02-27 19:06:17,432 [JavaFX Application Thread] INFO  marytts.PStream Gradient GV optimization for feature: (20)  number of iterations=21
2018-02-27 19:06:17,435 [JavaFX Application Thread] INFO  marytts.PStream    optimization stopped by reaching max number of iterations (no global variance applied)
2018-02-27 19:06:17,435 [JavaFX Application Thread] INFO  marytts.PStream Gradient GV optimization for feature: (21)  number of iterations=21
2018-02-27 19:06:17,437 [JavaFX Application Thread] INFO  marytts.PStream    optimization stopped by reaching max number of iterations (no global variance applied)
2018-02-27 19:06:17,437 [JavaFX Application Thread] INFO  marytts.PStream Gradient GV optimization for feature: (22)  number of iterations=21
2018-02-27 19:06:17,439 [JavaFX Application Thread] INFO  marytts.PStream    optimization stopped by reaching max number of iterations (no global variance applied)
2018-02-27 19:06:17,439 [JavaFX Application Thread] INFO  marytts.PStream Gradient GV optimization for feature: (23)  number of iterations=21
2018-02-27 19:06:17,441 [JavaFX Application Thread] INFO  marytts.PStream    optimization stopped by reaching max number of iterations (no global variance applied)
2018-02-27 19:06:17,441 [JavaFX Application Thread] INFO  marytts.PStream Gradient GV optimization for feature: (24)  number of iterations=21
2018-02-27 19:06:17,441 [JavaFX Application Thread] INFO  marytts.ParameterGeneration Using f0 from maryXML acoustparams
2018-02-27 19:06:17,443 [JavaFX Application Thread] INFO  marytts.PStream Global variance optimization
2018-02-27 19:06:17,444 [JavaFX Application Thread] INFO  marytts.PStream Gradient GV optimization for feature: (0)  number of iterations=5
2018-02-27 19:06:17,446 [JavaFX Application Thread] INFO  marytts.PStream Gradient GV optimization for feature: (1)  number of iterations=32
2018-02-27 19:06:17,447 [JavaFX Application Thread] INFO  marytts.PStream Gradient GV optimization for feature: (2)  number of iterations=6
2018-02-27 19:06:17,449 [JavaFX Application Thread] INFO  marytts.PStream Gradient GV optimization for feature: (3)  number of iterations=17
2018-02-27 19:06:17,452 [JavaFX Application Thread] INFO  marytts.PStream Gradient GV optimization for feature: (4)  number of iterations=46
2018-02-27 19:06:17,458 [JavaFX Application Thread] INFO  marytts.R 1 Request processed in 342 ms.
2018-02-27 19:06:17,458 [JavaFX Application Thread] INFO  marytts.R 1    TextToMaryXML took 0 ms
2018-02-27 19:06:17,458 [JavaFX Application Thread] INFO  marytts.R 1    JTokeniser took 5 ms
2018-02-27 19:06:17,458 [JavaFX Application Thread] INFO  marytts.R 1    Preprocess took 27 ms
2018-02-27 19:06:17,458 [JavaFX Application Thread] INFO  marytts.R 1    OpenNLPPosTagger took 9 ms
2018-02-27 19:06:17,458 [JavaFX Application Thread] INFO  marytts.R 1    JPhonemiser took 13 ms
2018-02-27 19:06:17,458 [JavaFX Application Thread] INFO  marytts.R 1    Prosody took 5 ms
2018-02-27 19:06:17,458 [JavaFX Application Thread] INFO  marytts.R 1    PronunciationModel took 3 ms
2018-02-27 19:06:17,458 [JavaFX Application Thread] INFO  marytts.R 1    AcousticModeller took 53 ms
2018-02-27 19:06:17,458 [JavaFX Application Thread] INFO  marytts.R 1    Synthesis took 115 ms
